2019-07-01 00:07:40 上午[ Method: ble.BleController.handle_cmd(BleController.java:296) ]
ERROR:verfy cmd error:
2019-07-01 00:09:10 上午[ Method: ble.BleAdvDataHandler.sensorDataPrase(BleAdvDataHandler.java:164) ]
ERROR:adv format error,adv len:49
2019-07-01 00:39:41 上午[ Method: ble.BleAdvDataHandler.sensorDataPrase(BleAdvDataHandler.java:164) ]
ERROR:adv format error,adv len:49
2019-07-01 00:44:32 上午[ Method: ble.BleController.handle_cmd(BleController.java:296) ]
ERROR:verfy cmd error:
2019-07-01 00:45:56 上午[ Method: ble.BleAdvDataHandler.sensorDataPrase(BleAdvDataHandler.java:164) ]
ERROR:adv format error,adv len:49
2019-07-01 00:54:36 上午[ Method: ble.BleController.handle_cmd(BleController.java:296) ]
ERROR:verfy cmd error:
2019-07-01 00:54:41 上午[ Method: ble.BleAdvDataHandler.sensorDataPrase(BleAdvDataHandler.java:164) ]
ERROR:adv format error,adv len:49
2019-07-01 00:58:20 上午[ Method: ble.BleAdvDataHandler.sensorDataPrase(BleAdvDataHandler.java:164) ]
ERROR:adv format error,adv len:49
2019-07-01 01:02:10 上午[ Method: ble.BleAdvDataHandler.sensorDataPrase(BleAdvDataHandler.java:164) ]
ERROR:adv format error,adv len:49
2019-07-01 01:12:51 上午[ Method: ble.BleAdvDataHandler.sensorDataPrase(BleAdvDataHandler.java:164) ]
ERROR:adv format error,adv len:49
2019-07-01 01:17:55 上午[ Method: ble.BleAdvDataHandler.sensorDataPrase(BleAdvDataHandler.java:164) ]
ERROR:adv format error,adv len:49
2019-07-01 01:26:18 上午[ Method: ble.BleAdvDataHandler.sensorDataPrase(BleAdvDataHandler.java:164) ]
ERROR:adv format error,adv len:49
2019-07-01 01:27:14 上午[ Method: ble.BleAdvDataHandler.sensorDataPrase(BleAdvDataHandler.java:164) ]
ERROR:adv format error,adv len:49
2019-07-01 01:31:19 上午[ Method: ble.BleAdvDataHandler.sensorDataPrase(BleAdvDataHandler.java:164) ]
ERROR:adv format error,adv len:49
2019-07-01 01:38:15 上午[ Method: ble.BleAdvDataHandler.sensorDataPrase(BleAdvDataHandler.java:164) ]
ERROR:adv format error,adv len:49
2019-07-01 01:39:43 上午[ Method: ble.BleAdvDataHandler.sensorDataPrase(BleAdvDataHandler.java:164) ]
ERROR:adv format error,adv len:49
2019-07-01 01:41:26 上午[ Method: ble.BleController.handle_cmd(BleController.java:296) ]
ERROR:verfy cmd error:
2019-07-01 01:43:50 上午[ Method: ble.BleAdvDataHandler.sensorDataPrase(BleAdvDataHandler.java:164) ]
ERROR:adv format error,adv len:49
2019-07-01 01:45:42 上午[ Method: ble.BleAdvDataHandler.sensorDataPrase(BleAdvDataHandler.java:164) ]
ERROR:adv format error,adv len:49
2019-07-01 01:50:07 上午[ Method: ble.BleController.handle_cmd(BleController.java:296) ]
ERROR:verfy cmd error:
2019-07-01 01:54:22 上午[ Method: ble.BleAdvDataHandler.sensorDataPrase(BleAdvDataHandler.java:164) ]
ERROR:adv format error,adv len:49
2019-07-01 01:59:12 上午[ Method: ble.BleController.handle_cmd(BleController.java:296) ]
ERROR:verfy cmd error:
2019-07-01 02:12:24 上午[ Method: ble.BleAdvDataHandler.sensorDataPrase(BleAdvDataHandler.java:164) ]
ERROR:adv format error,adv len:49
2019-07-01 02:20:48 上午[ Method: ble.BleController.handle_cmd(BleController.java:296) ]
ERROR:verfy cmd error:
2019-07-01 02:31:12 上午[ Method: ble.BleController.handle_cmd(BleController.java:296) ]
ERROR:verfy cmd error:
2019-07-01 02:31:45 上午[ Method: ble.BleAdvDataHandler.sensorDataPrase(BleAdvDataHandler.java:164) ]
ERROR:adv format error,adv len:49
2019-07-01 02:33:14 上午[ Method: ble.BleAdvDataHandler.sensorDataPrase(BleAdvDataHandler.java:164) ]
ERROR:adv format error,adv len:83
2019-07-01 02:36:28 上午[ Method: ble.BleAdvDataHandler.sensorDataPrase(BleAdvDataHandler.java:164) ]
ERROR:adv format error,adv len:10
2019-07-01 02:38:51 上午[ Method: ble.BleAdvDataHandler.sensorDataPrase(BleAdvDataHandler.java:164) ]
ERROR:adv format error,adv len:49
2019-07-01 02:49:10 上午[ Method: ble.BleAdvDataHandler.sensorDataPrase(BleAdvDataHandler.java:164) ]
ERROR:adv format error,adv len:49
2019-07-01 02:53:54 上午[ Method: ble.BleAdvDataHandler.sensorDataPrase(BleAdvDataHandler.java:164) ]
ERROR:adv format error,adv len:49
2019-07-01 02:56:09 上午[ Method: ble.BleAdvDataHandler.sensorDataPrase(BleAdvDataHandler.java:164) ]
ERROR:adv format error,adv len:10
2019-07-01 02:57:32 上午[ Method: ble.BleAdvDataHandler.sensorDataPrase(BleAdvDataHandler.java:164) ]
ERROR:adv format error,adv len:49
2019-07-01 03:29:53 上午[ Method: ble.BleAdvDataHandler.sensorDataPrase(BleAdvDataHandler.java:164) ]
ERROR:adv format error,adv len:49
2019-07-01 03:31:55 上午[ Method: ble.BleController.handle_cmd(BleController.java:296) ]
ERROR:verfy cmd error:
2019-07-01 03:35:15 上午[ Method: ble.BleAdvDataHandler.sensorDataPrase(BleAdvDataHandler.java:164) ]
ERROR:adv format error,adv len:10
2019-07-01 03:39:07 上午[ Method: ble.BleAdvDataHandler.sensorDataPrase(BleAdvDataHandler.java:164) ]
ERROR:adv format error,adv len:49
2019-07-01 03:45:55 上午[ Method: ble.BleController.handle_cmd(BleController.java:296) ]
ERROR:verfy cmd error:
2019-07-01 04:01:24 上午[ Method: ble.BleAdvDataHandler.sensorDataPrase(BleAdvDataHandler.java:164) ]
ERROR:adv format error,adv len:49
2019-07-01 04:03:47 上午[ Method: ble.BleController.handle_cmd(BleController.java:296) ]
ERROR:verfy cmd error:
2019-07-01 04:11:15 上午[ Method: ble.BleAdvDataHandler.sensorDataPrase(BleAdvDataHandler.java:164) ]
ERROR:adv format error,adv len:49
2019-07-01 04:11:23 上午[ Method: ble.BleAdvDataHandler.sensorDataPrase(BleAdvDataHandler.java:164) ]
ERROR:adv format error,adv len:49
2019-07-01 04:25:59 上午[ Method: ble.BleAdvDataHandler.sensorDataPrase(BleAdvDataHandler.java:164) ]
ERROR:adv format error,adv len:49
2019-07-01 04:44:02 上午[ Method: ble.BleAdvDataHandler.sensorDataPrase(BleAdvDataHandler.java:164) ]
ERROR:adv format error,adv len:49
2019-07-01 04:50:43 上午[ Method: ble.BleController.handle_cmd(BleController.java:296) ]
ERROR:verfy cmd error:
2019-07-01 05:06:50 上午[ Method: ble.BleAdvDataHandler.sensorDataPrase(BleAdvDataHandler.java:164) ]
ERROR:adv format error,adv len:49
2019-07-01 05:13:26 上午[ Method: ble.BleAdvDataHandler.sensorDataPrase(BleAdvDataHandler.java:164) ]
ERROR:adv format error,adv len:49
2019-07-01 05:13:36 上午[ Method: ble.BleAdvDataHandler.sensorDataPrase(BleAdvDataHandler.java:164) ]
ERROR:adv format error,adv len:10
2019-07-01 05:22:51 上午[ Method: ble.BleAdvDataHandler.sensorDataPrase(BleAdvDataHandler.java:164) ]
ERROR:adv format error,adv len:49
2019-07-01 05:30:08 上午[ Method: ble.BleAdvDataHandler.sensorDataPrase(BleAdvDataHandler.java:164) ]
ERROR:adv format error,adv len:49
2019-07-01 05:43:41 上午[ Method: ble.BleAdvDataHandler.sensorDataPrase(BleAdvDataHandler.java:164) ]
ERROR:adv format error,adv len:10
2019-07-01 06:00:32 上午[ Method: ble.BleAdvDataHandler.sensorDataPrase(BleAdvDataHandler.java:164) ]
ERROR:adv format error,adv len:10
2019-07-01 06:01:06 上午[ Method: ble.BleAdvDataHandler.sensorDataPrase(BleAdvDataHandler.java:164) ]
ERROR:adv format error,adv len:49
2019-07-01 06:04:56 上午[ Method: ble.BleAdvDataHandler.sensorDataPrase(BleAdvDataHandler.java:164) ]
ERROR:adv format error,adv len:49
2019-07-01 06:09:11 上午[ Method: ble.BleAdvDataHandler.sensorDataPrase(BleAdvDataHandler.java:164) ]
ERROR:adv format error,adv len:49
2019-07-01 06:18:19 上午[ Method: ble.BleAdvDataHandler.sensorDataPrase(BleAdvDataHandler.java:164) ]
ERROR:adv format error,adv len:49
2019-07-01 06:22:45 上午[ Method: ble.BleAdvDataHandler.sensorDataPrase(BleAdvDataHandler.java:164) ]
ERROR:adv format error,adv len:10
2019-07-01 06:24:59 上午[ Method: ble.BleAdvDataHandler.sensorDataPrase(BleAdvDataHandler.java:164) ]
ERROR:adv format error,adv len:49
2019-07-01 06:54:48 上午[ Method: ble.BleAdvDataHandler.sensorDataPrase(BleAdvDataHandler.java:164) ]
ERROR:adv format error,adv len:49
2019-07-01 06:56:52 上午[ Method: ble.BleAdvDataHandler.sensorDataPrase(BleAdvDataHandler.java:164) ]
ERROR:adv format error,adv len:49
2019-07-01 07:02:25 上午[ Method: ble.BleAdvDataHandler.sensorDataPrase(BleAdvDataHandler.java:164) ]
ERROR:adv format error,adv len:49
2019-07-01 07:05:02 上午[ Method: ble.BleAdvDataHandler.sensorDataPrase(BleAdvDataHandler.java:164) ]
ERROR:adv format error,adv len:49
2019-07-01 07:11:04 上午[ Method: ble.BleAdvDataHandler.sensorDataPrase(BleAdvDataHandler.java:164) ]
ERROR:adv format error,adv len:49
2019-07-01 07:11:59 上午[ Method: ble.BleAdvDataHandler.sensorDataPrase(BleAdvDataHandler.java:164) ]
ERROR:adv format error,adv len:49
2019-07-01 07:13:47 上午[ Method: ble.BleAdvDataHandler.sensorDataPrase(BleAdvDataHandler.java:164) ]
ERROR:adv format error,adv len:49
2019-07-01 07:28:30 上午[ Method: ble.BleAdvDataHandler.sensorDataPrase(BleAdvDataHandler.java:164) ]
ERROR:adv format error,adv len:49
2019-07-01 07:57:39 上午[ Method: ble.BleAdvDataHandler.sensorDataPrase(BleAdvDataHandler.java:164) ]
ERROR:adv format error,adv len:49
2019-07-01 08:01:09 上午[ Method: ble.BleAdvDataHandler.sensorDataPrase(BleAdvDataHandler.java:164) ]
ERROR:adv format error,adv len:49
2019-07-01 08:01:17 上午[ Method: ble.BleAdvDataHandler.sensorDataPrase(BleAdvDataHandler.java:164) ]
ERROR:adv format error,adv len:49
2019-07-01 08:01:40 上午[ Method: ble.BleAdvDataHandler.sensorDataPrase(BleAdvDataHandler.java:164) ]
ERROR:adv format error,adv len:49
2019-07-01 08:07:04 上午[ Method: ble.BleAdvDataHandler.sensorDataPrase(BleAdvDataHandler.java:164) ]
ERROR:adv format error,adv len:49
2019-07-01 08:17:07 上午[ Method: ble.BleController.handle_cmd(BleController.java:296) ]
ERROR:verfy cmd error:
2019-07-01 08:17:45 上午[ Method: ble.BleAdvDataHandler.sensorDataPrase(BleAdvDataHandler.java:164) ]
ERROR:adv format error,adv len:10
2019-07-01 08:23:28 上午[ Method: ble.BleAdvDataHandler.sensorDataPrase(BleAdvDataHandler.java:164) ]
ERROR:adv format error,adv len:49
2019-07-01 08:31:36 上午[ Method: ble.BleAdvDataHandler.sensorDataPrase(BleAdvDataHandler.java:164) ]
ERROR:adv format error,adv len:10
2019-07-01 08:38:51 上午[ Method: ble.BleAdvDataHandler.sensorDataPrase(BleAdvDataHandler.java:164) ]
ERROR:adv format error,adv len:49
2019-07-01 08:48:57 上午[ Method: ble.BleAdvDataHandler.sensorDataPrase(BleAdvDataHandler.java:164) ]
ERROR:adv format error,adv len:49
2019-07-01 08:49:20 上午[ Method: ble.BleAdvDataHandler.sensorDataPrase(BleAdvDataHandler.java:164) ]
ERROR:adv format error,adv len:49
2019-07-01 08:58:54 上午[ Method: ble.BleAdvDataHandler.sensorDataPrase(BleAdvDataHandler.java:164) ]
ERROR:adv format error,adv len:49
2019-07-01 09:05:15 上午[ Method: ble.BleController.handle_cmd(BleController.java:296) ]
ERROR:verfy cmd error:
2019-07-01 09:43:50 上午[ Method: app.DataGateWayApp$1.run(DataGateWayApp.java:73) ]
ERROR:bleController error
