2019-06-29 00:07:37 上午[ Method: ble.BleAdvDataHandler.sensorDataPrase(BleAdvDataHandler.java:164) ]
ERROR:adv format error,adv len:49
2019-06-29 00:12:54 上午[ Method: ble.BleAdvDataHandler.sensorDataPrase(BleAdvDataHandler.java:164) ]
ERROR:adv format error,adv len:49
2019-06-29 00:17:08 上午[ Method: ble.BleAdvDataHandler.sensorDataPrase(BleAdvDataHandler.java:164) ]
ERROR:adv format error,adv len:49
2019-06-29 00:45:39 上午[ Method: ble.BleAdvDataHandler.sensorDataPrase(BleAdvDataHandler.java:164) ]
ERROR:adv format error,adv len:49
2019-06-29 01:08:36 上午[ Method: ble.BleAdvDataHandler.sensorDataPrase(BleAdvDataHandler.java:164) ]
ERROR:adv format error,adv len:49
2019-06-29 01:13:19 上午[ Method: ble.BleAdvDataHandler.sensorDataPrase(BleAdvDataHandler.java:164) ]
ERROR:adv format error,adv len:49
2019-06-29 01:39:39 上午[ Method: ble.BleAdvDataHandler.sensorDataPrase(BleAdvDataHandler.java:164) ]
ERROR:adv format error,adv len:49
2019-06-29 01:40:35 上午[ Method: ble.BleAdvDataHandler.sensorDataPrase(BleAdvDataHandler.java:164) ]
ERROR:adv format error,adv len:49
2019-06-29 01:52:10 上午[ Method: ble.BleAdvDataHandler.sensorDataPrase(BleAdvDataHandler.java:164) ]
ERROR:adv format error,adv len:49
2019-06-29 02:03:55 上午[ Method: ble.BleAdvDataHandler.sensorDataPrase(BleAdvDataHandler.java:164) ]
ERROR:adv format error,adv len:49
2019-06-29 02:13:30 上午[ Method: ble.BleAdvDataHandler.sensorDataPrase(BleAdvDataHandler.java:164) ]
ERROR:adv format error,adv len:10
2019-06-29 02:29:25 上午[ Method: ble.BleAdvDataHandler.sensorDataPrase(BleAdvDataHandler.java:164) ]
ERROR:adv format error,adv len:49
2019-06-29 02:46:42 上午[ Method: ble.BleAdvDataHandler.sensorDataPrase(BleAdvDataHandler.java:164) ]
ERROR:adv format error,adv len:49
2019-06-29 02:47:52 上午[ Method: ble.BleAdvDataHandler.sensorDataPrase(BleAdvDataHandler.java:164) ]
ERROR:adv format error,adv len:49
2019-06-29 03:20:26 上午[ Method: ble.BleAdvDataHandler.sensorDataPrase(BleAdvDataHandler.java:164) ]
ERROR:adv format error,adv len:49
2019-06-29 03:31:36 上午[ Method: ble.BleAdvDataHandler.sensorDataPrase(BleAdvDataHandler.java:164) ]
ERROR:adv format error,adv len:49
2019-06-29 03:58:48 上午[ Method: ble.BleAdvDataHandler.sensorDataPrase(BleAdvDataHandler.java:164) ]
ERROR:adv format error,adv len:49
2019-06-29 04:12:18 上午[ Method: ble.BleAdvDataHandler.sensorDataPrase(BleAdvDataHandler.java:164) ]
ERROR:adv format error,adv len:49
2019-06-29 04:23:02 上午[ Method: ble.BleController.handle_cmd(BleController.java:296) ]
ERROR:verfy cmd error:
2019-06-29 04:25:37 上午[ Method: ble.BleController.handle_cmd(BleController.java:296) ]
ERROR:verfy cmd error:
2019-06-29 04:30:56 上午[ Method: ble.BleAdvDataHandler.sensorDataPrase(BleAdvDataHandler.java:164) ]
ERROR:adv format error,adv len:10
2019-06-29 05:26:55 上午[ Method: ble.BleAdvDataHandler.sensorDataPrase(BleAdvDataHandler.java:164) ]
ERROR:adv format error,adv len:49
2019-06-29 05:47:09 上午[ Method: ble.BleAdvDataHandler.sensorDataPrase(BleAdvDataHandler.java:164) ]
ERROR:adv format error,adv len:49
2019-06-29 05:49:49 上午[ Method: ble.BleAdvDataHandler.sensorDataPrase(BleAdvDataHandler.java:164) ]
ERROR:adv format error,adv len:49
2019-06-29 06:16:33 上午[ Method: ble.BleController.handle_cmd(BleController.java:296) ]
ERROR:verfy cmd error:
2019-06-29 06:26:17 上午[ Method: ble.BleAdvDataHandler.sensorDataPrase(BleAdvDataHandler.java:164) ]
ERROR:adv format error,adv len:49
2019-06-29 06:55:16 上午[ Method: ble.BleAdvDataHandler.sensorDataPrase(BleAdvDataHandler.java:164) ]
ERROR:adv format error,adv len:10
2019-06-29 06:56:21 上午[ Method: ble.BleAdvDataHandler.sensorDataPrase(BleAdvDataHandler.java:164) ]
ERROR:adv format error,adv len:49
2019-06-29 07:02:38 上午[ Method: ble.BleAdvDataHandler.sensorDataPrase(BleAdvDataHandler.java:164) ]
ERROR:adv format error,adv len:49
2019-06-29 07:03:01 上午[ Method: ble.BleAdvDataHandler.sensorDataPrase(BleAdvDataHandler.java:164) ]
ERROR:adv format error,adv len:49
2019-06-29 07:09:35 上午[ Method: ble.BleController.handle_cmd(BleController.java:296) ]
ERROR:verfy cmd error:
2019-06-29 07:38:53 上午[ Method: ble.BleAdvDataHandler.sensorDataPrase(BleAdvDataHandler.java:164) ]
ERROR:adv format error,adv len:49
2019-06-29 07:51:42 上午[ Method: ble.BleController.handle_cmd(BleController.java:296) ]
ERROR:verfy cmd error:
2019-06-29 07:53:12 上午[ Method: ble.BleAdvDataHandler.sensorDataPrase(BleAdvDataHandler.java:164) ]
ERROR:adv format error,adv len:49
2019-06-29 08:02:55 上午[ Method: ble.BleAdvDataHandler.sensorDataPrase(BleAdvDataHandler.java:164) ]
ERROR:adv format error,adv len:49
2019-06-29 08:07:21 上午[ Method: ble.BleController.handle_cmd(BleController.java:296) ]
ERROR:verfy cmd error:
2019-06-29 08:11:06 上午[ Method: ble.BleAdvDataHandler.sensorDataPrase(BleAdvDataHandler.java:164) ]
ERROR:adv format error,adv len:10
2019-06-29 08:35:56 上午[ Method: ble.BleAdvDataHandler.sensorDataPrase(BleAdvDataHandler.java:164) ]
ERROR:adv format error,adv len:10
2019-06-29 08:52:20 上午[ Method: ble.BleAdvDataHandler.sensorDataPrase(BleAdvDataHandler.java:164) ]
ERROR:adv format error,adv len:49
2019-06-29 09:01:26 上午[ Method: ble.BleController.handle_cmd(BleController.java:296) ]
ERROR:verfy cmd error:
2019-06-29 09:01:46 上午[ Method: ble.BleAdvDataHandler.sensorDataPrase(BleAdvDataHandler.java:164) ]
ERROR:adv format error,adv len:49
2019-06-29 09:29:47 上午[ Method: ble.BleController.handle_cmd(BleController.java:296) ]
ERROR:verfy cmd error:
2019-06-29 09:54:21 上午[ Method: ble.BleController.handle_cmd(BleController.java:296) ]
ERROR:verfy cmd error:
2019-06-29 10:07:19 上午[ Method: ble.BleAdvDataHandler.sensorDataPrase(BleAdvDataHandler.java:164) ]
ERROR:adv format error,adv len:49
2019-06-29 10:08:53 上午[ Method: ble.BleAdvDataHandler.sensorDataPrase(BleAdvDataHandler.java:164) ]
ERROR:adv format error,adv len:49
2019-06-29 10:34:32 上午[ Method: ble.BleAdvDataHandler.sensorDataPrase(BleAdvDataHandler.java:164) ]
ERROR:adv format error,adv len:49
2019-06-29 10:34:48 上午[ Method: ble.BleAdvDataHandler.sensorDataPrase(BleAdvDataHandler.java:164) ]
ERROR:adv format error,adv len:49
2019-06-29 10:36:59 上午[ Method: ble.BleAdvDataHandler.sensorDataPrase(BleAdvDataHandler.java:164) ]
ERROR:adv format error,adv len:49
2019-06-29 10:42:20 上午[ Method: ble.BleAdvDataHandler.sensorDataPrase(BleAdvDataHandler.java:164) ]
ERROR:adv format error,adv len:10
2019-06-29 10:54:24 上午[ Method: ble.BleAdvDataHandler.sensorDataPrase(BleAdvDataHandler.java:164) ]
ERROR:adv format error,adv len:49
2019-06-29 11:10:02 上午[ Method: ble.BleAdvDataHandler.sensorDataPrase(BleAdvDataHandler.java:164) ]
ERROR:adv format error,adv len:49
2019-06-29 11:12:53 上午[ Method: ble.BleAdvDataHandler.sensorDataPrase(BleAdvDataHandler.java:164) ]
ERROR:adv format error,adv len:10
2019-06-29 11:18:07 上午[ Method: ble.BleController.handle_cmd(BleController.java:296) ]
ERROR:verfy cmd error:
2019-06-29 11:22:47 上午[ Method: ble.BleAdvDataHandler.sensorDataPrase(BleAdvDataHandler.java:164) ]
ERROR:adv format error,adv len:10
2019-06-29 11:35:14 上午[ Method: ble.BleAdvDataHandler.sensorDataPrase(BleAdvDataHandler.java:164) ]
ERROR:adv format error,adv len:49
2019-06-29 11:35:26 上午[ Method: ble.BleAdvDataHandler.sensorDataPrase(BleAdvDataHandler.java:164) ]
ERROR:adv format error,adv len:49
2019-06-29 11:49:24 上午[ Method: ble.BleController.handle_cmd(BleController.java:296) ]
ERROR:verfy cmd error:
2019-06-29 11:52:29 上午[ Method: ble.BleController.handle_cmd(BleController.java:296) ]
ERROR:verfy cmd error:
2019-06-29 11:56:09 上午[ Method: ble.BleAdvDataHandler.sensorDataPrase(BleAdvDataHandler.java:164) ]
ERROR:adv format error,adv len:49
2019-06-29 11:58:06 上午[ Method: ble.BleAdvDataHandler.sensorDataPrase(BleAdvDataHandler.java:164) ]
ERROR:adv format error,adv len:49
2019-06-29 11:58:17 上午[ Method: ble.BleAdvDataHandler.sensorDataPrase(BleAdvDataHandler.java:164) ]
ERROR:adv format error,adv len:49
2019-06-29 12:04:16 下午[ Method: ble.BleController.handle_cmd(BleController.java:296) ]
ERROR:verfy cmd error:
2019-06-29 12:05:47 下午[ Method: ble.BleAdvDataHandler.sensorDataPrase(BleAdvDataHandler.java:164) ]
ERROR:adv format error,adv len:49
2019-06-29 12:06:23 下午[ Method: ble.BleAdvDataHandler.sensorDataPrase(BleAdvDataHandler.java:164) ]
ERROR:adv format error,adv len:49
2019-06-29 12:13:58 下午[ Method: ble.BleAdvDataHandler.sensorDataPrase(BleAdvDataHandler.java:164) ]
ERROR:adv format error,adv len:49
2019-06-29 12:39:28 下午[ Method: ble.BleAdvDataHandler.sensorDataPrase(BleAdvDataHandler.java:164) ]
ERROR:adv format error,adv len:49
2019-06-29 12:48:20 下午[ Method: ble.BleAdvDataHandler.sensorDataPrase(BleAdvDataHandler.java:164) ]
ERROR:adv format error,adv len:49
2019-06-29 13:00:16 下午[ Method: ble.BleAdvDataHandler.sensorDataPrase(BleAdvDataHandler.java:164) ]
ERROR:adv format error,adv len:49
2019-06-29 13:01:35 下午[ Method: ble.BleAdvDataHandler.sensorDataPrase(BleAdvDataHandler.java:164) ]
ERROR:adv format error,adv len:49
2019-06-29 13:07:19 下午[ Method: ble.BleAdvDataHandler.sensorDataPrase(BleAdvDataHandler.java:164) ]
ERROR:adv format error,adv len:49
2019-06-29 13:08:58 下午[ Method: ble.BleAdvDataHandler.sensorDataPrase(BleAdvDataHandler.java:164) ]
ERROR:adv format error,adv len:10
2019-06-29 13:12:59 下午[ Method: ble.BleAdvDataHandler.sensorDataPrase(BleAdvDataHandler.java:164) ]
ERROR:adv format error,adv len:49
2019-06-29 13:15:30 下午[ Method: ble.BleAdvDataHandler.sensorDataPrase(BleAdvDataHandler.java:164) ]
ERROR:adv format error,adv len:49
2019-06-29 13:18:29 下午[ Method: ble.BleController.handle_cmd(BleController.java:296) ]
ERROR:verfy cmd error:
2019-06-29 13:19:56 下午[ Method: ble.BleAdvDataHandler.sensorDataPrase(BleAdvDataHandler.java:164) ]
ERROR:adv format error,adv len:49
2019-06-29 13:53:25 下午[ Method: ble.BleController.handle_cmd(BleController.java:296) ]
ERROR:verfy cmd error:
2019-06-29 13:56:37 下午[ Method: ble.BleController.handle_cmd(BleController.java:296) ]
ERROR:verfy cmd error:
2019-06-29 13:59:59 下午[ Method: ble.BleAdvDataHandler.sensorDataPrase(BleAdvDataHandler.java:164) ]
ERROR:adv format error,adv len:49
2019-06-29 14:02:37 下午[ Method: ble.BleController.handle_cmd(BleController.java:296) ]
ERROR:verfy cmd error:
2019-06-29 14:03:54 下午[ Method: ble.BleAdvDataHandler.sensorDataPrase(BleAdvDataHandler.java:164) ]
ERROR:adv format error,adv len:10
2019-06-29 14:12:15 下午[ Method: ble.BleAdvDataHandler.sensorDataPrase(BleAdvDataHandler.java:164) ]
ERROR:adv format error,adv len:49
2019-06-29 14:16:53 下午[ Method: ble.BleAdvDataHandler.sensorDataPrase(BleAdvDataHandler.java:164) ]
ERROR:adv format error,adv len:49
2019-06-29 14:28:05 下午[ Method: ble.SensorGoodsInfoUpdateHandler.updateFinishResultHandler(SensorGoodsInfoUpdateHandler.java:174) ]
ERROR:update sensor:testfail,reason code:30001
2019-06-29 14:29:27 下午[ Method: ble.BleAdvDataHandler.sensorDataPrase(BleAdvDataHandler.java:164) ]
ERROR:adv format error,adv len:49
2019-06-29 14:29:42 下午[ Method: ble.BleAdvDataHandler.sensorDataPrase(BleAdvDataHandler.java:164) ]
ERROR:adv format error,adv len:49
2019-06-29 14:34:23 下午[ Method: ble.BleController.handle_cmd(BleController.java:296) ]
ERROR:verfy cmd error:
2019-06-29 14:43:27 下午[ Method: ble.BleAdvDataHandler.sensorDataPrase(BleAdvDataHandler.java:164) ]
ERROR:adv format error,adv len:10
2019-06-29 14:43:58 下午[ Method: app.DataGateWayApp.main(DataGateWayApp.java:33) ]
ERROR:------------------------start gateway app-----------------------------

2019-06-29 14:46:43 下午[ Method: ble.BleAdvDataHandler.sensorDataPrase(BleAdvDataHandler.java:164) ]
ERROR:adv format error,adv len:49
2019-06-29 14:57:20 下午[ Method: ble.BleAdvDataHandler.sensorDataPrase(BleAdvDataHandler.java:164) ]
ERROR:adv format error,adv len:49
2019-06-29 15:06:07 下午[ Method: ble.BleAdvDataHandler.sensorDataPrase(BleAdvDataHandler.java:164) ]
ERROR:adv format error,adv len:49
2019-06-29 15:12:05 下午[ Method: ble.BleAdvDataHandler.sensorDataPrase(BleAdvDataHandler.java:164) ]
ERROR:adv format error,adv len:49
2019-06-29 15:12:31 下午[ Method: ble.BleAdvDataHandler.sensorDataPrase(BleAdvDataHandler.java:164) ]
ERROR:adv format error,adv len:10
2019-06-29 15:12:42 下午[ Method: ble.BleAdvDataHandler.sensorDataPrase(BleAdvDataHandler.java:164) ]
ERROR:adv format error,adv len:49
2019-06-29 15:12:57 下午[ Method: ble.BleAdvDataHandler.sensorDataPrase(BleAdvDataHandler.java:164) ]
ERROR:adv format error,adv len:49
2019-06-29 15:16:34 下午[ Method: ble.BleAdvDataHandler.sensorDataPrase(BleAdvDataHandler.java:164) ]
ERROR:adv format error,adv len:49
2019-06-29 15:21:24 下午[ Method: ble.BleAdvDataHandler.sensorDataPrase(BleAdvDataHandler.java:164) ]
ERROR:adv format error,adv len:49
2019-06-29 15:24:17 下午[ Method: ble.BleAdvDataHandler.sensorDataPrase(BleAdvDataHandler.java:164) ]
ERROR:adv format error,adv len:49
2019-06-29 15:28:18 下午[ Method: ble.BleAdvDataHandler.sensorDataPrase(BleAdvDataHandler.java:164) ]
ERROR:adv format error,adv len:49
2019-06-29 15:36:45 下午[ Method: ble.BleAdvDataHandler.sensorDataPrase(BleAdvDataHandler.java:164) ]
ERROR:adv format error,adv len:49
2019-06-29 15:40:40 下午[ Method: ble.BleAdvDataHandler.sensorDataPrase(BleAdvDataHandler.java:164) ]
ERROR:adv format error,adv len:49
2019-06-29 15:47:28 下午[ Method: app.DataGateWayApp.main(DataGateWayApp.java:33) ]
ERROR:------------------------start gateway app-----------------------------

2019-06-29 16:00:37 下午[ Method: ble.BleAdvDataHandler.sensorDataPrase(BleAdvDataHandler.java:164) ]
ERROR:adv format error,adv len:49
2019-06-29 16:16:04 下午[ Method: ble.BleController.handle_cmd(BleController.java:296) ]
ERROR:verfy cmd error:
2019-06-29 16:37:56 下午[ Method: ble.BleAdvDataHandler.sensorDataPrase(BleAdvDataHandler.java:164) ]
ERROR:adv format error,adv len:49
2019-06-29 16:38:21 下午[ Method: ble.BleAdvDataHandler.sensorDataPrase(BleAdvDataHandler.java:164) ]
ERROR:adv format error,adv len:49
2019-06-29 16:40:09 下午[ Method: ble.BleAdvDataHandler.sensorDataPrase(BleAdvDataHandler.java:164) ]
ERROR:adv format error,adv len:49
2019-06-29 16:47:11 下午[ Method: ble.BleAdvDataHandler.sensorDataPrase(BleAdvDataHandler.java:164) ]
ERROR:adv format error,adv len:49
2019-06-29 16:48:31 下午[ Method: ble.BleAdvDataHandler.sensorDataPrase(BleAdvDataHandler.java:164) ]
ERROR:adv format error,adv len:49
2019-06-29 17:04:43 下午[ Method: ble.BleAdvDataHandler.sensorDataPrase(BleAdvDataHandler.java:164) ]
ERROR:adv format error,adv len:49
2019-06-29 17:25:34 下午[ Method: ble.BleAdvDataHandler.sensorDataPrase(BleAdvDataHandler.java:164) ]
ERROR:adv format error,adv len:49
2019-06-29 17:32:29 下午[ Method: ble.BleController.handle_cmd(BleController.java:296) ]
ERROR:verfy cmd error:
2019-06-29 17:37:44 下午[ Method: ble.BleAdvDataHandler.sensorDataPrase(BleAdvDataHandler.java:164) ]
ERROR:adv format error,adv len:49
2019-06-29 17:39:16 下午[ Method: ble.BleAdvDataHandler.sensorDataPrase(BleAdvDataHandler.java:164) ]
ERROR:adv format error,adv len:49
2019-06-29 17:43:48 下午[ Method: ble.BleAdvDataHandler.sensorDataPrase(BleAdvDataHandler.java:164) ]
ERROR:adv format error,adv len:49
2019-06-29 17:44:58 下午[ Method: ble.BleController.handle_cmd(BleController.java:296) ]
ERROR:verfy cmd error:
2019-06-29 17:53:25 下午[ Method: ble.BleAdvDataHandler.sensorDataPrase(BleAdvDataHandler.java:164) ]
ERROR:adv format error,adv len:49
2019-06-29 18:07:56 下午[ Method: ble.BleAdvDataHandler.sensorDataPrase(BleAdvDataHandler.java:164) ]
ERROR:adv format error,adv len:49
2019-06-29 18:16:07 下午[ Method: ble.BleAdvDataHandler.sensorDataPrase(BleAdvDataHandler.java:164) ]
ERROR:adv format error,adv len:49
2019-06-29 18:16:16 下午[ Method: ble.BleAdvDataHandler.sensorDataPrase(BleAdvDataHandler.java:164) ]
ERROR:adv format error,adv len:49
2019-06-29 18:18:08 下午[ Method: ble.BleAdvDataHandler.sensorDataPrase(BleAdvDataHandler.java:164) ]
ERROR:adv format error,adv len:49
2019-06-29 18:19:44 下午[ Method: ble.BleAdvDataHandler.sensorDataPrase(BleAdvDataHandler.java:164) ]
ERROR:adv format error,adv len:49
2019-06-29 18:21:41 下午[ Method: ble.BleAdvDataHandler.sensorDataPrase(BleAdvDataHandler.java:164) ]
ERROR:adv format error,adv len:49
2019-06-29 18:39:27 下午[ Method: ble.BleController.handle_cmd(BleController.java:296) ]
ERROR:verfy cmd error:
2019-06-29 18:44:33 下午[ Method: ble.BleController.handle_cmd(BleController.java:296) ]
ERROR:verfy cmd error:
2019-06-29 18:49:14 下午[ Method: ble.BleAdvDataHandler.sensorDataPrase(BleAdvDataHandler.java:164) ]
ERROR:adv format error,adv len:49
2019-06-29 19:01:25 下午[ Method: ble.BleAdvDataHandler.sensorDataPrase(BleAdvDataHandler.java:164) ]
ERROR:adv format error,adv len:49
2019-06-29 19:13:47 下午[ Method: ble.BleAdvDataHandler.sensorDataPrase(BleAdvDataHandler.java:164) ]
ERROR:adv format error,adv len:49
2019-06-29 19:16:20 下午[ Method: ble.BleAdvDataHandler.sensorDataPrase(BleAdvDataHandler.java:164) ]
ERROR:adv format error,adv len:49
2019-06-29 19:40:36 下午[ Method: ble.BleAdvDataHandler.sensorDataPrase(BleAdvDataHandler.java:164) ]
ERROR:adv format error,adv len:49
2019-06-29 19:40:48 下午[ Method: ble.BleAdvDataHandler.sensorDataPrase(BleAdvDataHandler.java:164) ]
ERROR:adv format error,adv len:49
2019-06-29 19:44:31 下午[ Method: ble.BleAdvDataHandler.sensorDataPrase(BleAdvDataHandler.java:164) ]
ERROR:adv format error,adv len:49
2019-06-29 19:45:16 下午[ Method: ble.BleAdvDataHandler.sensorDataPrase(BleAdvDataHandler.java:164) ]
ERROR:adv format error,adv len:10
2019-06-29 19:56:13 下午[ Method: ble.BleController.handle_cmd(BleController.java:296) ]
ERROR:verfy cmd error:
2019-06-29 20:06:15 下午[ Method: ble.BleAdvDataHandler.sensorDataPrase(BleAdvDataHandler.java:164) ]
ERROR:adv format error,adv len:49
2019-06-29 20:12:17 下午[ Method: ble.BleAdvDataHandler.sensorDataPrase(BleAdvDataHandler.java:164) ]
ERROR:adv format error,adv len:10
2019-06-29 20:13:36 下午[ Method: ble.BleAdvDataHandler.sensorDataPrase(BleAdvDataHandler.java:164) ]
ERROR:adv format error,adv len:49
2019-06-29 20:19:29 下午[ Method: ble.BleController.handle_cmd(BleController.java:296) ]
ERROR:verfy cmd error:
2019-06-29 20:27:29 下午[ Method: ble.BleAdvDataHandler.sensorDataPrase(BleAdvDataHandler.java:164) ]
ERROR:adv format error,adv len:49
2019-06-29 20:30:29 下午[ Method: ble.BleController.handle_cmd(BleController.java:296) ]
ERROR:verfy cmd error:
2019-06-29 20:34:13 下午[ Method: ble.BleAdvDataHandler.sensorDataPrase(BleAdvDataHandler.java:164) ]
ERROR:adv format error,adv len:49
2019-06-29 20:34:36 下午[ Method: ble.BleAdvDataHandler.sensorDataPrase(BleAdvDataHandler.java:164) ]
ERROR:adv format error,adv len:49
2019-06-29 20:36:40 下午[ Method: ble.BleController.handle_cmd(BleController.java:296) ]
ERROR:verfy cmd error:
2019-06-29 20:41:49 下午[ Method: ble.BleController.handle_cmd(BleController.java:296) ]
ERROR:verfy cmd error:
2019-06-29 20:55:04 下午[ Method: ble.BleAdvDataHandler.sensorDataPrase(BleAdvDataHandler.java:164) ]
ERROR:adv format error,adv len:49
2019-06-29 20:55:17 下午[ Method: ble.BleAdvDataHandler.sensorDataPrase(BleAdvDataHandler.java:164) ]
ERROR:adv format error,adv len:10
2019-06-29 21:11:14 下午[ Method: ble.BleAdvDataHandler.sensorDataPrase(BleAdvDataHandler.java:164) ]
ERROR:adv format error,adv len:10
2019-06-29 21:18:40 下午[ Method: ble.BleController.handle_cmd(BleController.java:296) ]
ERROR:verfy cmd error:
2019-06-29 21:23:10 下午[ Method: ble.BleAdvDataHandler.sensorDataPrase(BleAdvDataHandler.java:164) ]
ERROR:adv format error,adv len:10
2019-06-29 21:41:25 下午[ Method: ble.BleAdvDataHandler.sensorDataPrase(BleAdvDataHandler.java:164) ]
ERROR:adv format error,adv len:10
2019-06-29 22:04:27 下午[ Method: ble.BleController.handle_cmd(BleController.java:296) ]
ERROR:verfy cmd error:
2019-06-29 22:19:21 下午[ Method: ble.BleController.handle_cmd(BleController.java:296) ]
ERROR:verfy cmd error:
2019-06-29 22:20:10 下午[ Method: ble.BleAdvDataHandler.sensorDataPrase(BleAdvDataHandler.java:164) ]
ERROR:adv format error,adv len:49
2019-06-29 22:23:03 下午[ Method: ble.BleAdvDataHandler.sensorDataPrase(BleAdvDataHandler.java:164) ]
ERROR:adv format error,adv len:49
2019-06-29 22:26:35 下午[ Method: ble.BleAdvDataHandler.sensorDataPrase(BleAdvDataHandler.java:164) ]
ERROR:adv format error,adv len:49
2019-06-29 22:29:08 下午[ Method: ble.BleAdvDataHandler.sensorDataPrase(BleAdvDataHandler.java:164) ]
ERROR:adv format error,adv len:10
2019-06-29 22:33:40 下午[ Method: ble.BleController.handle_cmd(BleController.java:296) ]
ERROR:verfy cmd error:
2019-06-29 22:36:59 下午[ Method: ble.BleController.handle_cmd(BleController.java:296) ]
ERROR:verfy cmd error:
2019-06-29 23:05:52 下午[ Method: ble.BleAdvDataHandler.sensorDataPrase(BleAdvDataHandler.java:164) ]
ERROR:adv format error,adv len:49
2019-06-29 23:10:41 下午[ Method: ble.BleController.handle_cmd(BleController.java:296) ]
ERROR:verfy cmd error:
2019-06-29 23:13:16 下午[ Method: ble.BleController.handle_cmd(BleController.java:296) ]
ERROR:verfy cmd error:
2019-06-29 23:15:57 下午[ Method: ble.BleAdvDataHandler.sensorDataPrase(BleAdvDataHandler.java:164) ]
ERROR:adv format error,adv len:49
2019-06-29 23:17:17 下午[ Method: ble.BleController.handle_cmd(BleController.java:296) ]
ERROR:verfy cmd error:
2019-06-29 23:20:34 下午[ Method: ble.BleAdvDataHandler.sensorDataPrase(BleAdvDataHandler.java:164) ]
ERROR:adv format error,adv len:49
2019-06-29 23:23:17 下午[ Method: ble.BleController.handle_cmd(BleController.java:296) ]
ERROR:verfy cmd error:
2019-06-29 23:25:43 下午[ Method: ble.BleAdvDataHandler.sensorDataPrase(BleAdvDataHandler.java:164) ]
ERROR:adv format error,adv len:49
2019-06-29 23:37:38 下午[ Method: ble.BleController.handle_cmd(BleController.java:296) ]
ERROR:verfy cmd error:
2019-06-29 23:42:47 下午[ Method: ble.BleAdvDataHandler.sensorDataPrase(BleAdvDataHandler.java:164) ]
ERROR:adv format error,adv len:49
2019-06-29 23:47:26 下午[ Method: ble.BleAdvDataHandler.sensorDataPrase(BleAdvDataHandler.java:164) ]
ERROR:adv format error,adv len:49
2019-06-29 23:56:43 下午[ Method: ble.BleAdvDataHandler.sensorDataPrase(BleAdvDataHandler.java:164) ]
ERROR:adv format error,adv len:49
2019-06-29 23:56:48 下午[ Method: ble.BleAdvDataHandler.sensorDataPrase(BleAdvDataHandler.java:164) ]
ERROR:adv format error,adv len:49
