2019-06-27 17:41:45 下午[ Method: app.DataGateWayApp.main(DataGateWayApp.java:31) ]
ERROR:------------------------start gateway app-----------------------------

2019-06-27 17:53:13 下午[ Method: app.DataGateWayApp.main(DataGateWayApp.java:33) ]
ERROR:------------------------start gateway app-----------------------------

2019-06-27 17:58:26 下午[ Method: app.DataGateWayApp.main(DataGateWayApp.java:33) ]
ERROR:------------------------start gateway app-----------------------------

2019-06-27 18:12:17 下午[ Method: app.DataGateWayApp.main(DataGateWayApp.java:33) ]
ERROR:------------------------start gateway app-----------------------------

2019-06-27 18:16:42 下午[ Method: app.DataGateWayApp.main(DataGateWayApp.java:33) ]
ERROR:------------------------start gateway app-----------------------------

2019-06-27 18:44:34 下午[ Method: app.DataGateWayApp.main(DataGateWayApp.java:33) ]
ERROR:------------------------start gateway app-----------------------------

2019-06-27 18:44:47 下午[ Method: shop.ShopInfo.glsShopInfoHandler(ShopInfo.java:87) ]
ERROR:设备未注册
2019-06-27 18:45:06 下午[ Method: app.DataGateWayApp.main(DataGateWayApp.java:33) ]
ERROR:------------------------start gateway app-----------------------------

2019-06-27 18:45:33 下午[ Method: ble.BleAdvDataHandler.sensorDataPrase(BleAdvDataHandler.java:164) ]
ERROR:adv format error,adv len:24
2019-06-27 18:45:38 下午[ Method: ble.BleAdvDataHandler.sensorDataPrase(BleAdvDataHandler.java:164) ]
ERROR:adv format error,adv len:24
2019-06-27 18:45:39 下午[ Method: ble.BleAdvDataHandler.sensorDataPrase(BleAdvDataHandler.java:164) ]
ERROR:adv format error,adv len:24
2019-06-27 18:46:09 下午[ Method: ble.BleAdvDataHandler.sensorDataPrase(BleAdvDataHandler.java:164) ]
ERROR:adv format error,adv len:24
2019-06-27 18:47:10 下午[ Method: ble.BleAdvDataHandler.sensorDataPrase(BleAdvDataHandler.java:164) ]
ERROR:adv format error,adv len:24
2019-06-27 18:48:43 下午[ Method: ble.BleAdvDataHandler.sensorDataPrase(BleAdvDataHandler.java:164) ]
ERROR:adv format error,adv len:49
2019-06-27 18:50:15 下午[ Method: app.DataGateWayApp.main(DataGateWayApp.java:33) ]
ERROR:------------------------start gateway app-----------------------------

2019-06-27 19:29:13 下午[ Method: app.DataGateWayApp.main(DataGateWayApp.java:33) ]
ERROR:------------------------start gateway app-----------------------------

2019-06-27 19:37:41 下午[ Method: app.DataGateWayApp.main(DataGateWayApp.java:33) ]
ERROR:------------------------start gateway app-----------------------------

2019-06-27 19:40:26 下午[ Method: ble.BleAdvDataHandler.sensorDataPrase(BleAdvDataHandler.java:164) ]
ERROR:adv format error,adv len:49
2019-06-27 19:56:07 下午[ Method: ble.SensorGoodsInfoUpdateHandler.updateFinishResultHandler(SensorGoodsInfoUpdateHandler.java:174) ]
ERROR:update sensor:8baf42697de2fail,reason code:30002
2019-06-27 19:59:26 下午[ Method: ble.SensorGoodsInfoUpdateHandler.updateFinishResultHandler(SensorGoodsInfoUpdateHandler.java:174) ]
ERROR:update sensor:8baf42697de2fail,reason code:30002
2019-06-27 20:05:42 下午[ Method: ble.BleAdvDataHandler.sensorDataPrase(BleAdvDataHandler.java:164) ]
ERROR:adv format error,adv len:49
2019-06-27 20:08:48 下午[ Method: ble.SensorGoodsInfoUpdateHandler.updateFinishResultHandler(SensorGoodsInfoUpdateHandler.java:174) ]
ERROR:update sensor:8baf42697de2fail,reason code:30002
2019-06-27 20:15:30 下午[ Method: ble.BleAdvDataHandler.sensorDataPrase(BleAdvDataHandler.java:164) ]
ERROR:adv format error,adv len:49
2019-06-27 20:18:26 下午[ Method: app.DataGateWayApp.main(DataGateWayApp.java:33) ]
ERROR:------------------------start gateway app-----------------------------

2019-06-27 20:18:40 下午[ Method: app.DataGateWayApp.startApp(DataGateWayApp.java:144) ]
ERROR:can not get clientId,start error
2019-06-27 20:18:40 下午[ Method: ble.BleController.openSerialPort(BleController.java:213) ]
ERROR:can not find data collector!
2019-06-27 20:18:40 下午[ Method: mqtt.MqttHandler.mqttConnect(MqttHandler.java:58) ]
ERROR:start mqtt error for client is null
2019-06-27 20:18:40 下午[ Method: app.DataGateWayApp.startApp(DataGateWayApp.java:157) ]
ERROR:start mqtt error
2019-06-27 20:19:26 下午[ Method: app.DataGateWayApp$1.run(DataGateWayApp.java:47) ]
ERROR:mqttHandler error
2019-06-27 20:19:26 下午[ Method: mqtt.MqttHandler.mqttConnect(MqttHandler.java:58) ]
ERROR:start mqtt error for client is null
2019-06-27 20:19:26 下午[ Method: app.DataGateWayApp$1.run(DataGateWayApp.java:73) ]
ERROR:bleController error
2019-06-27 20:19:46 下午[ Method: app.DataGateWayApp$1.run(DataGateWayApp.java:47) ]
ERROR:mqttHandler error
2019-06-27 20:40:26 下午[ Method: ble.BleController.readPort(BleController.java:401) ]
ERROR:data collector read uart error
2019-06-27 20:40:29 下午[ Method: ble.BleController.readPort(BleController.java:404) ]
ERROR:java.io.IOException: No error in nativeavailable
2019-06-27 20:40:46 下午[ Method: app.DataGateWayApp$1.run(DataGateWayApp.java:73) ]
ERROR:bleController error
2019-06-27 23:33:02 下午[ Method: ble.BleAdvDataHandler.sensorDataPrase(BleAdvDataHandler.java:164) ]
ERROR:adv format error,adv len:10
