2019-07-09 00:01:30 上午[ Method: shop.ShopInfo.glsShopInfoHandler(ShopInfo.java:87) ]
ERROR:设备未注册
2019-07-09 00:04:50 上午[ Method: shop.ShopInfo.glsShopInfoHandler(ShopInfo.java:87) ]
ERROR:设备未注册
2019-07-09 00:08:10 上午[ Method: shop.ShopInfo.glsShopInfoHandler(ShopInfo.java:87) ]
ERROR:设备未注册
2019-07-09 00:11:30 上午[ Method: shop.ShopInfo.glsShopInfoHandler(ShopInfo.java:87) ]
ERROR:设备未注册
2019-07-09 00:14:50 上午[ Method: shop.ShopInfo.glsShopInfoHandler(ShopInfo.java:87) ]
ERROR:设备未注册
2019-07-09 00:18:10 上午[ Method: shop.ShopInfo.glsShopInfoHandler(ShopInfo.java:87) ]
ERROR:设备未注册
2019-07-09 00:21:30 上午[ Method: shop.ShopInfo.glsShopInfoHandler(ShopInfo.java:87) ]
ERROR:设备未注册
2019-07-09 00:24:50 上午[ Method: shop.ShopInfo.glsShopInfoHandler(ShopInfo.java:87) ]
ERROR:设备未注册
2019-07-09 00:28:10 上午[ Method: shop.ShopInfo.glsShopInfoHandler(ShopInfo.java:87) ]
ERROR:设备未注册
2019-07-09 00:31:30 上午[ Method: shop.ShopInfo.glsShopInfoHandler(ShopInfo.java:87) ]
ERROR:设备未注册
2019-07-09 00:34:50 上午[ Method: shop.ShopInfo.glsShopInfoHandler(ShopInfo.java:87) ]
ERROR:设备未注册
2019-07-09 00:38:10 上午[ Method: shop.ShopInfo.glsShopInfoHandler(ShopInfo.java:87) ]
ERROR:设备未注册
2019-07-09 00:41:30 上午[ Method: shop.ShopInfo.glsShopInfoHandler(ShopInfo.java:87) ]
ERROR:设备未注册
2019-07-09 00:44:50 上午[ Method: shop.ShopInfo.glsShopInfoHandler(ShopInfo.java:87) ]
ERROR:设备未注册
2019-07-09 00:48:10 上午[ Method: shop.ShopInfo.glsShopInfoHandler(ShopInfo.java:87) ]
ERROR:设备未注册
2019-07-09 00:51:30 上午[ Method: shop.ShopInfo.glsShopInfoHandler(ShopInfo.java:87) ]
ERROR:设备未注册
2019-07-09 00:54:50 上午[ Method: shop.ShopInfo.glsShopInfoHandler(ShopInfo.java:87) ]
ERROR:设备未注册
2019-07-09 00:58:10 上午[ Method: shop.ShopInfo.glsShopInfoHandler(ShopInfo.java:87) ]
ERROR:设备未注册
2019-07-09 01:01:30 上午[ Method: shop.ShopInfo.glsShopInfoHandler(ShopInfo.java:87) ]
ERROR:设备未注册
2019-07-09 01:04:50 上午[ Method: shop.ShopInfo.glsShopInfoHandler(ShopInfo.java:87) ]
ERROR:设备未注册
2019-07-09 01:08:10 上午[ Method: shop.ShopInfo.glsShopInfoHandler(ShopInfo.java:87) ]
ERROR:设备未注册
2019-07-09 01:11:30 上午[ Method: shop.ShopInfo.glsShopInfoHandler(ShopInfo.java:87) ]
ERROR:设备未注册
2019-07-09 01:14:50 上午[ Method: shop.ShopInfo.glsShopInfoHandler(ShopInfo.java:87) ]
ERROR:设备未注册
2019-07-09 01:18:10 上午[ Method: shop.ShopInfo.glsShopInfoHandler(ShopInfo.java:87) ]
ERROR:设备未注册
2019-07-09 01:21:30 上午[ Method: shop.ShopInfo.glsShopInfoHandler(ShopInfo.java:87) ]
ERROR:设备未注册
2019-07-09 01:24:50 上午[ Method: shop.ShopInfo.glsShopInfoHandler(ShopInfo.java:87) ]
ERROR:设备未注册
2019-07-09 01:28:10 上午[ Method: shop.ShopInfo.glsShopInfoHandler(ShopInfo.java:87) ]
ERROR:设备未注册
2019-07-09 01:31:30 上午[ Method: shop.ShopInfo.glsShopInfoHandler(ShopInfo.java:87) ]
ERROR:设备未注册
2019-07-09 01:34:50 上午[ Method: shop.ShopInfo.glsShopInfoHandler(ShopInfo.java:87) ]
ERROR:设备未注册
2019-07-09 01:38:10 上午[ Method: shop.ShopInfo.glsShopInfoHandler(ShopInfo.java:87) ]
ERROR:设备未注册
2019-07-09 01:41:30 上午[ Method: shop.ShopInfo.glsShopInfoHandler(ShopInfo.java:87) ]
ERROR:设备未注册
2019-07-09 01:44:50 上午[ Method: shop.ShopInfo.glsShopInfoHandler(ShopInfo.java:87) ]
ERROR:设备未注册
2019-07-09 01:48:10 上午[ Method: shop.ShopInfo.glsShopInfoHandler(ShopInfo.java:87) ]
ERROR:设备未注册
2019-07-09 01:51:30 上午[ Method: shop.ShopInfo.glsShopInfoHandler(ShopInfo.java:87) ]
ERROR:设备未注册
2019-07-09 01:54:50 上午[ Method: shop.ShopInfo.glsShopInfoHandler(ShopInfo.java:87) ]
ERROR:设备未注册
2019-07-09 01:58:10 上午[ Method: shop.ShopInfo.glsShopInfoHandler(ShopInfo.java:87) ]
ERROR:设备未注册
2019-07-09 02:01:30 上午[ Method: shop.ShopInfo.glsShopInfoHandler(ShopInfo.java:87) ]
ERROR:设备未注册
2019-07-09 02:04:50 上午[ Method: shop.ShopInfo.glsShopInfoHandler(ShopInfo.java:87) ]
ERROR:设备未注册
2019-07-09 02:08:10 上午[ Method: shop.ShopInfo.glsShopInfoHandler(ShopInfo.java:87) ]
ERROR:设备未注册
2019-07-09 02:11:30 上午[ Method: shop.ShopInfo.glsShopInfoHandler(ShopInfo.java:87) ]
ERROR:设备未注册
2019-07-09 02:14:50 上午[ Method: shop.ShopInfo.glsShopInfoHandler(ShopInfo.java:87) ]
ERROR:设备未注册
2019-07-09 02:18:10 上午[ Method: shop.ShopInfo.glsShopInfoHandler(ShopInfo.java:87) ]
ERROR:设备未注册
2019-07-09 02:21:30 上午[ Method: shop.ShopInfo.glsShopInfoHandler(ShopInfo.java:87) ]
ERROR:设备未注册
2019-07-09 02:24:50 上午[ Method: shop.ShopInfo.glsShopInfoHandler(ShopInfo.java:87) ]
ERROR:设备未注册
2019-07-09 02:28:10 上午[ Method: shop.ShopInfo.glsShopInfoHandler(ShopInfo.java:87) ]
ERROR:设备未注册
2019-07-09 02:31:30 上午[ Method: shop.ShopInfo.glsShopInfoHandler(ShopInfo.java:87) ]
ERROR:设备未注册
2019-07-09 02:34:50 上午[ Method: shop.ShopInfo.glsShopInfoHandler(ShopInfo.java:87) ]
ERROR:设备未注册
2019-07-09 02:38:10 上午[ Method: shop.ShopInfo.glsShopInfoHandler(ShopInfo.java:87) ]
ERROR:设备未注册
2019-07-09 02:41:30 上午[ Method: shop.ShopInfo.glsShopInfoHandler(ShopInfo.java:87) ]
ERROR:设备未注册
2019-07-09 02:44:50 上午[ Method: shop.ShopInfo.glsShopInfoHandler(ShopInfo.java:87) ]
ERROR:设备未注册
2019-07-09 02:48:10 上午[ Method: shop.ShopInfo.glsShopInfoHandler(ShopInfo.java:87) ]
ERROR:设备未注册
2019-07-09 02:51:30 上午[ Method: shop.ShopInfo.glsShopInfoHandler(ShopInfo.java:87) ]
ERROR:设备未注册
2019-07-09 02:54:50 上午[ Method: shop.ShopInfo.glsShopInfoHandler(ShopInfo.java:87) ]
ERROR:设备未注册
2019-07-09 02:58:10 上午[ Method: shop.ShopInfo.glsShopInfoHandler(ShopInfo.java:87) ]
ERROR:设备未注册
2019-07-09 03:01:30 上午[ Method: shop.ShopInfo.glsShopInfoHandler(ShopInfo.java:87) ]
ERROR:设备未注册
2019-07-09 03:04:50 上午[ Method: shop.ShopInfo.glsShopInfoHandler(ShopInfo.java:87) ]
ERROR:设备未注册
2019-07-09 03:08:10 上午[ Method: shop.ShopInfo.glsShopInfoHandler(ShopInfo.java:87) ]
ERROR:设备未注册
2019-07-09 03:11:30 上午[ Method: shop.ShopInfo.glsShopInfoHandler(ShopInfo.java:87) ]
ERROR:设备未注册
2019-07-09 03:14:50 上午[ Method: shop.ShopInfo.glsShopInfoHandler(ShopInfo.java:87) ]
ERROR:设备未注册
2019-07-09 03:18:10 上午[ Method: shop.ShopInfo.glsShopInfoHandler(ShopInfo.java:87) ]
ERROR:设备未注册
2019-07-09 03:21:30 上午[ Method: shop.ShopInfo.glsShopInfoHandler(ShopInfo.java:87) ]
ERROR:设备未注册
2019-07-09 03:24:50 上午[ Method: shop.ShopInfo.glsShopInfoHandler(ShopInfo.java:87) ]
ERROR:设备未注册
2019-07-09 03:28:10 上午[ Method: shop.ShopInfo.glsShopInfoHandler(ShopInfo.java:87) ]
ERROR:设备未注册
2019-07-09 03:31:30 上午[ Method: shop.ShopInfo.glsShopInfoHandler(ShopInfo.java:87) ]
ERROR:设备未注册
2019-07-09 03:34:50 上午[ Method: shop.ShopInfo.glsShopInfoHandler(ShopInfo.java:87) ]
ERROR:设备未注册
2019-07-09 03:38:10 上午[ Method: shop.ShopInfo.glsShopInfoHandler(ShopInfo.java:87) ]
ERROR:设备未注册
2019-07-09 03:41:30 上午[ Method: shop.ShopInfo.glsShopInfoHandler(ShopInfo.java:87) ]
ERROR:设备未注册
2019-07-09 03:44:50 上午[ Method: shop.ShopInfo.glsShopInfoHandler(ShopInfo.java:87) ]
ERROR:设备未注册
2019-07-09 03:48:10 上午[ Method: shop.ShopInfo.glsShopInfoHandler(ShopInfo.java:87) ]
ERROR:设备未注册
2019-07-09 03:51:30 上午[ Method: shop.ShopInfo.glsShopInfoHandler(ShopInfo.java:87) ]
ERROR:设备未注册
2019-07-09 03:54:50 上午[ Method: shop.ShopInfo.glsShopInfoHandler(ShopInfo.java:87) ]
ERROR:设备未注册
2019-07-09 03:58:10 上午[ Method: shop.ShopInfo.glsShopInfoHandler(ShopInfo.java:87) ]
ERROR:设备未注册
2019-07-09 04:01:30 上午[ Method: shop.ShopInfo.glsShopInfoHandler(ShopInfo.java:87) ]
ERROR:设备未注册
2019-07-09 04:04:50 上午[ Method: shop.ShopInfo.glsShopInfoHandler(ShopInfo.java:87) ]
ERROR:设备未注册
2019-07-09 04:08:10 上午[ Method: shop.ShopInfo.glsShopInfoHandler(ShopInfo.java:87) ]
ERROR:设备未注册
2019-07-09 04:11:30 上午[ Method: shop.ShopInfo.glsShopInfoHandler(ShopInfo.java:87) ]
ERROR:设备未注册
2019-07-09 04:14:50 上午[ Method: shop.ShopInfo.glsShopInfoHandler(ShopInfo.java:87) ]
ERROR:设备未注册
2019-07-09 04:18:10 上午[ Method: shop.ShopInfo.glsShopInfoHandler(ShopInfo.java:87) ]
ERROR:设备未注册
2019-07-09 04:21:30 上午[ Method: shop.ShopInfo.glsShopInfoHandler(ShopInfo.java:87) ]
ERROR:设备未注册
2019-07-09 04:24:50 上午[ Method: shop.ShopInfo.glsShopInfoHandler(ShopInfo.java:87) ]
ERROR:设备未注册
2019-07-09 04:28:10 上午[ Method: shop.ShopInfo.glsShopInfoHandler(ShopInfo.java:87) ]
ERROR:设备未注册
2019-07-09 04:31:30 上午[ Method: shop.ShopInfo.glsShopInfoHandler(ShopInfo.java:87) ]
ERROR:设备未注册
2019-07-09 04:34:50 上午[ Method: shop.ShopInfo.glsShopInfoHandler(ShopInfo.java:87) ]
ERROR:设备未注册
2019-07-09 04:38:10 上午[ Method: shop.ShopInfo.glsShopInfoHandler(ShopInfo.java:87) ]
ERROR:设备未注册
2019-07-09 04:41:30 上午[ Method: shop.ShopInfo.glsShopInfoHandler(ShopInfo.java:87) ]
ERROR:设备未注册
2019-07-09 04:44:50 上午[ Method: shop.ShopInfo.glsShopInfoHandler(ShopInfo.java:87) ]
ERROR:设备未注册
2019-07-09 04:48:10 上午[ Method: shop.ShopInfo.glsShopInfoHandler(ShopInfo.java:87) ]
ERROR:设备未注册
2019-07-09 04:51:30 上午[ Method: shop.ShopInfo.glsShopInfoHandler(ShopInfo.java:87) ]
ERROR:设备未注册
2019-07-09 04:54:50 上午[ Method: shop.ShopInfo.glsShopInfoHandler(ShopInfo.java:87) ]
ERROR:设备未注册
2019-07-09 04:58:10 上午[ Method: shop.ShopInfo.glsShopInfoHandler(ShopInfo.java:87) ]
ERROR:设备未注册
2019-07-09 05:01:30 上午[ Method: shop.ShopInfo.glsShopInfoHandler(ShopInfo.java:87) ]
ERROR:设备未注册
2019-07-09 05:04:50 上午[ Method: shop.ShopInfo.glsShopInfoHandler(ShopInfo.java:87) ]
ERROR:设备未注册
2019-07-09 05:08:10 上午[ Method: shop.ShopInfo.glsShopInfoHandler(ShopInfo.java:87) ]
ERROR:设备未注册
2019-07-09 05:11:30 上午[ Method: shop.ShopInfo.glsShopInfoHandler(ShopInfo.java:87) ]
ERROR:设备未注册
2019-07-09 05:14:50 上午[ Method: shop.ShopInfo.glsShopInfoHandler(ShopInfo.java:87) ]
ERROR:设备未注册
2019-07-09 05:18:10 上午[ Method: shop.ShopInfo.glsShopInfoHandler(ShopInfo.java:87) ]
ERROR:设备未注册
2019-07-09 05:21:30 上午[ Method: shop.ShopInfo.glsShopInfoHandler(ShopInfo.java:87) ]
ERROR:设备未注册
2019-07-09 05:24:50 上午[ Method: shop.ShopInfo.glsShopInfoHandler(ShopInfo.java:87) ]
ERROR:设备未注册
2019-07-09 05:28:10 上午[ Method: shop.ShopInfo.glsShopInfoHandler(ShopInfo.java:87) ]
ERROR:设备未注册
2019-07-09 05:31:30 上午[ Method: shop.ShopInfo.glsShopInfoHandler(ShopInfo.java:87) ]
ERROR:设备未注册
2019-07-09 05:34:50 上午[ Method: shop.ShopInfo.glsShopInfoHandler(ShopInfo.java:87) ]
ERROR:设备未注册
2019-07-09 05:38:10 上午[ Method: shop.ShopInfo.glsShopInfoHandler(ShopInfo.java:87) ]
ERROR:设备未注册
2019-07-09 05:41:30 上午[ Method: shop.ShopInfo.glsShopInfoHandler(ShopInfo.java:87) ]
ERROR:设备未注册
2019-07-09 05:44:50 上午[ Method: shop.ShopInfo.glsShopInfoHandler(ShopInfo.java:87) ]
ERROR:设备未注册
2019-07-09 05:48:10 上午[ Method: shop.ShopInfo.glsShopInfoHandler(ShopInfo.java:87) ]
ERROR:设备未注册
2019-07-09 05:51:30 上午[ Method: shop.ShopInfo.glsShopInfoHandler(ShopInfo.java:87) ]
ERROR:设备未注册
2019-07-09 05:54:50 上午[ Method: shop.ShopInfo.glsShopInfoHandler(ShopInfo.java:87) ]
ERROR:设备未注册
2019-07-09 05:58:10 上午[ Method: shop.ShopInfo.glsShopInfoHandler(ShopInfo.java:87) ]
ERROR:设备未注册
2019-07-09 06:01:30 上午[ Method: shop.ShopInfo.glsShopInfoHandler(ShopInfo.java:87) ]
ERROR:设备未注册
2019-07-09 06:04:50 上午[ Method: shop.ShopInfo.glsShopInfoHandler(ShopInfo.java:87) ]
ERROR:设备未注册
2019-07-09 06:08:10 上午[ Method: shop.ShopInfo.glsShopInfoHandler(ShopInfo.java:87) ]
ERROR:设备未注册
2019-07-09 06:11:30 上午[ Method: shop.ShopInfo.glsShopInfoHandler(ShopInfo.java:87) ]
ERROR:设备未注册
2019-07-09 06:14:50 上午[ Method: shop.ShopInfo.glsShopInfoHandler(ShopInfo.java:87) ]
ERROR:设备未注册
2019-07-09 06:18:10 上午[ Method: shop.ShopInfo.glsShopInfoHandler(ShopInfo.java:87) ]
ERROR:设备未注册
2019-07-09 06:21:30 上午[ Method: shop.ShopInfo.glsShopInfoHandler(ShopInfo.java:87) ]
ERROR:设备未注册
2019-07-09 06:24:50 上午[ Method: shop.ShopInfo.glsShopInfoHandler(ShopInfo.java:87) ]
ERROR:设备未注册
2019-07-09 06:28:10 上午[ Method: shop.ShopInfo.glsShopInfoHandler(ShopInfo.java:87) ]
ERROR:设备未注册
2019-07-09 06:31:30 上午[ Method: shop.ShopInfo.glsShopInfoHandler(ShopInfo.java:87) ]
ERROR:设备未注册
2019-07-09 06:34:50 上午[ Method: shop.ShopInfo.glsShopInfoHandler(ShopInfo.java:87) ]
ERROR:设备未注册
2019-07-09 06:38:10 上午[ Method: shop.ShopInfo.glsShopInfoHandler(ShopInfo.java:87) ]
ERROR:设备未注册
2019-07-09 06:41:30 上午[ Method: shop.ShopInfo.glsShopInfoHandler(ShopInfo.java:87) ]
ERROR:设备未注册
2019-07-09 06:44:50 上午[ Method: shop.ShopInfo.glsShopInfoHandler(ShopInfo.java:87) ]
ERROR:设备未注册
2019-07-09 06:48:10 上午[ Method: shop.ShopInfo.glsShopInfoHandler(ShopInfo.java:87) ]
ERROR:设备未注册
2019-07-09 06:51:30 上午[ Method: shop.ShopInfo.glsShopInfoHandler(ShopInfo.java:87) ]
ERROR:设备未注册
2019-07-09 06:54:50 上午[ Method: shop.ShopInfo.glsShopInfoHandler(ShopInfo.java:87) ]
ERROR:设备未注册
2019-07-09 06:58:10 上午[ Method: shop.ShopInfo.glsShopInfoHandler(ShopInfo.java:87) ]
ERROR:设备未注册
2019-07-09 07:01:30 上午[ Method: shop.ShopInfo.glsShopInfoHandler(ShopInfo.java:87) ]
ERROR:设备未注册
2019-07-09 07:04:50 上午[ Method: shop.ShopInfo.glsShopInfoHandler(ShopInfo.java:87) ]
ERROR:设备未注册
2019-07-09 07:08:10 上午[ Method: shop.ShopInfo.glsShopInfoHandler(ShopInfo.java:87) ]
ERROR:设备未注册
2019-07-09 07:11:30 上午[ Method: shop.ShopInfo.glsShopInfoHandler(ShopInfo.java:87) ]
ERROR:设备未注册
2019-07-09 07:14:50 上午[ Method: shop.ShopInfo.glsShopInfoHandler(ShopInfo.java:87) ]
ERROR:设备未注册
2019-07-09 07:18:10 上午[ Method: shop.ShopInfo.glsShopInfoHandler(ShopInfo.java:87) ]
ERROR:设备未注册
2019-07-09 07:21:30 上午[ Method: shop.ShopInfo.glsShopInfoHandler(ShopInfo.java:87) ]
ERROR:设备未注册
2019-07-09 07:24:51 上午[ Method: shop.ShopInfo.glsShopInfoHandler(ShopInfo.java:87) ]
ERROR:设备未注册
2019-07-09 07:28:10 上午[ Method: shop.ShopInfo.glsShopInfoHandler(ShopInfo.java:87) ]
ERROR:设备未注册
2019-07-09 07:31:30 上午[ Method: shop.ShopInfo.glsShopInfoHandler(ShopInfo.java:87) ]
ERROR:设备未注册
2019-07-09 07:34:50 上午[ Method: shop.ShopInfo.glsShopInfoHandler(ShopInfo.java:87) ]
ERROR:设备未注册
2019-07-09 07:38:10 上午[ Method: shop.ShopInfo.glsShopInfoHandler(ShopInfo.java:87) ]
ERROR:设备未注册
2019-07-09 07:41:30 上午[ Method: shop.ShopInfo.glsShopInfoHandler(ShopInfo.java:87) ]
ERROR:设备未注册
2019-07-09 07:44:50 上午[ Method: shop.ShopInfo.glsShopInfoHandler(ShopInfo.java:87) ]
ERROR:设备未注册
2019-07-09 07:48:10 上午[ Method: shop.ShopInfo.glsShopInfoHandler(ShopInfo.java:87) ]
ERROR:设备未注册
2019-07-09 07:51:30 上午[ Method: shop.ShopInfo.glsShopInfoHandler(ShopInfo.java:87) ]
ERROR:设备未注册
2019-07-09 07:54:50 上午[ Method: shop.ShopInfo.glsShopInfoHandler(ShopInfo.java:87) ]
ERROR:设备未注册
2019-07-09 07:58:10 上午[ Method: shop.ShopInfo.glsShopInfoHandler(ShopInfo.java:87) ]
ERROR:设备未注册
2019-07-09 08:01:30 上午[ Method: shop.ShopInfo.glsShopInfoHandler(ShopInfo.java:87) ]
ERROR:设备未注册
2019-07-09 08:04:50 上午[ Method: shop.ShopInfo.glsShopInfoHandler(ShopInfo.java:87) ]
ERROR:设备未注册
2019-07-09 08:08:10 上午[ Method: shop.ShopInfo.glsShopInfoHandler(ShopInfo.java:87) ]
ERROR:设备未注册
2019-07-09 08:11:30 上午[ Method: shop.ShopInfo.glsShopInfoHandler(ShopInfo.java:87) ]
ERROR:设备未注册
2019-07-09 08:14:50 上午[ Method: shop.ShopInfo.glsShopInfoHandler(ShopInfo.java:87) ]
ERROR:设备未注册
2019-07-09 08:18:11 上午[ Method: shop.ShopInfo.glsShopInfoHandler(ShopInfo.java:87) ]
ERROR:设备未注册
2019-07-09 08:21:31 上午[ Method: shop.ShopInfo.glsShopInfoHandler(ShopInfo.java:87) ]
ERROR:设备未注册
2019-07-09 08:24:51 上午[ Method: shop.ShopInfo.glsShopInfoHandler(ShopInfo.java:87) ]
ERROR:设备未注册
2019-07-09 08:28:10 上午[ Method: shop.ShopInfo.glsShopInfoHandler(ShopInfo.java:87) ]
ERROR:设备未注册
2019-07-09 08:31:30 上午[ Method: shop.ShopInfo.glsShopInfoHandler(ShopInfo.java:87) ]
ERROR:设备未注册
2019-07-09 08:34:50 上午[ Method: shop.ShopInfo.glsShopInfoHandler(ShopInfo.java:87) ]
ERROR:设备未注册
2019-07-09 08:38:11 上午[ Method: shop.ShopInfo.glsShopInfoHandler(ShopInfo.java:87) ]
ERROR:设备未注册
2019-07-09 08:41:31 上午[ Method: shop.ShopInfo.glsShopInfoHandler(ShopInfo.java:87) ]
ERROR:设备未注册
2019-07-09 08:44:51 上午[ Method: shop.ShopInfo.glsShopInfoHandler(ShopInfo.java:87) ]
ERROR:设备未注册
2019-07-09 08:48:11 上午[ Method: shop.ShopInfo.glsShopInfoHandler(ShopInfo.java:87) ]
ERROR:设备未注册
2019-07-09 08:51:31 上午[ Method: shop.ShopInfo.glsShopInfoHandler(ShopInfo.java:87) ]
ERROR:设备未注册
2019-07-09 08:54:51 上午[ Method: shop.ShopInfo.glsShopInfoHandler(ShopInfo.java:87) ]
ERROR:设备未注册
2019-07-09 08:58:11 上午[ Method: shop.ShopInfo.glsShopInfoHandler(ShopInfo.java:87) ]
ERROR:设备未注册
2019-07-09 09:01:31 上午[ Method: shop.ShopInfo.glsShopInfoHandler(ShopInfo.java:87) ]
ERROR:设备未注册
2019-07-09 09:04:51 上午[ Method: shop.ShopInfo.glsShopInfoHandler(ShopInfo.java:87) ]
ERROR:设备未注册
2019-07-09 09:08:11 上午[ Method: shop.ShopInfo.glsShopInfoHandler(ShopInfo.java:87) ]
ERROR:设备未注册
2019-07-09 09:11:31 上午[ Method: shop.ShopInfo.glsShopInfoHandler(ShopInfo.java:87) ]
ERROR:设备未注册
2019-07-09 09:14:51 上午[ Method: shop.ShopInfo.glsShopInfoHandler(ShopInfo.java:87) ]
ERROR:设备未注册
2019-07-09 09:18:11 上午[ Method: shop.ShopInfo.glsShopInfoHandler(ShopInfo.java:87) ]
ERROR:设备未注册
2019-07-09 09:21:31 上午[ Method: shop.ShopInfo.glsShopInfoHandler(ShopInfo.java:87) ]
ERROR:设备未注册
2019-07-09 09:24:51 上午[ Method: shop.ShopInfo.glsShopInfoHandler(ShopInfo.java:87) ]
ERROR:设备未注册
2019-07-09 09:28:11 上午[ Method: shop.ShopInfo.glsShopInfoHandler(ShopInfo.java:87) ]
ERROR:设备未注册
2019-07-09 09:31:31 上午[ Method: shop.ShopInfo.glsShopInfoHandler(ShopInfo.java:87) ]
ERROR:设备未注册
2019-07-09 09:34:51 上午[ Method: shop.ShopInfo.glsShopInfoHandler(ShopInfo.java:87) ]
ERROR:设备未注册
2019-07-09 09:38:11 上午[ Method: shop.ShopInfo.glsShopInfoHandler(ShopInfo.java:87) ]
ERROR:设备未注册
2019-07-09 09:41:31 上午[ Method: shop.ShopInfo.glsShopInfoHandler(ShopInfo.java:87) ]
ERROR:设备未注册
2019-07-09 09:44:51 上午[ Method: shop.ShopInfo.glsShopInfoHandler(ShopInfo.java:87) ]
ERROR:设备未注册
2019-07-09 09:48:11 上午[ Method: shop.ShopInfo.glsShopInfoHandler(ShopInfo.java:87) ]
ERROR:设备未注册
2019-07-09 09:51:31 上午[ Method: shop.ShopInfo.glsShopInfoHandler(ShopInfo.java:87) ]
ERROR:设备未注册
2019-07-09 09:54:51 上午[ Method: shop.ShopInfo.glsShopInfoHandler(ShopInfo.java:87) ]
ERROR:设备未注册
2019-07-09 09:58:11 上午[ Method: shop.ShopInfo.glsShopInfoHandler(ShopInfo.java:87) ]
ERROR:设备未注册
2019-07-09 10:01:31 上午[ Method: shop.ShopInfo.glsShopInfoHandler(ShopInfo.java:87) ]
ERROR:设备未注册
2019-07-09 10:04:51 上午[ Method: shop.ShopInfo.glsShopInfoHandler(ShopInfo.java:87) ]
ERROR:设备未注册
2019-07-09 10:08:11 上午[ Method: shop.ShopInfo.glsShopInfoHandler(ShopInfo.java:87) ]
ERROR:设备未注册
2019-07-09 12:04:19 下午[ Method: app.DataGateWayApp.main(DataGateWayApp.java:32) ]
ERROR:------------------------start gateway app-----------------------------

2019-07-09 12:04:28 下午[ Method: shop.ShopInfo.glsShopInfoHandler(ShopInfo.java:87) ]
ERROR:设备未注册
2019-07-09 12:07:53 下午[ Method: ble.BleAdvDataHandler.sensorDataPrase(BleAdvDataHandler.java:131) ]
ERROR:ble apapter adv:60190601ff01
2019-07-09 12:08:19 下午[ Method: shop.ShopInfo.glsShopInfoHandler(ShopInfo.java:87) ]
ERROR:设备未注册
2019-07-09 12:11:39 下午[ Method: shop.ShopInfo.glsShopInfoHandler(ShopInfo.java:87) ]
ERROR:设备未注册
2019-07-09 12:12:03 下午[ Method: app.DataGateWayApp.main(DataGateWayApp.java:32) ]
ERROR:------------------------start gateway app-----------------------------

2019-07-09 12:13:47 下午[ Method: app.DataGateWayApp.main(DataGateWayApp.java:32) ]
ERROR:------------------------start gateway app-----------------------------

2019-07-09 12:13:56 下午[ Method: shop.ShopInfo.glsShopInfoHandler(ShopInfo.java:87) ]
ERROR:设备未注册
2019-07-09 12:15:03 下午[ Method: app.DataGateWayApp.main(DataGateWayApp.java:32) ]
ERROR:------------------------start gateway app-----------------------------

2019-07-09 12:15:12 下午[ Method: shop.ShopInfo.glsShopInfoHandler(ShopInfo.java:87) ]
ERROR:设备未注册
2019-07-09 12:16:57 下午[ Method: app.DataGateWayApp.main(DataGateWayApp.java:32) ]
ERROR:------------------------start gateway app-----------------------------

2019-07-09 12:17:06 下午[ Method: shop.ShopInfo.kcShopInfoHandler(ShopInfo.java:123) ]
ERROR:
2019-07-09 14:15:00 下午[ Method: app.DataGateWayApp.main(DataGateWayApp.java:32) ]
ERROR:------------------------start gateway app-----------------------------

2019-07-09 14:15:09 下午[ Method: shop.ShopInfo.kcShopInfoHandler(ShopInfo.java:123) ]
ERROR:
2019-07-09 14:19:00 下午[ Method: shop.ShopInfo.kcShopInfoHandler(ShopInfo.java:123) ]
ERROR:
2019-07-09 14:22:20 下午[ Method: shop.ShopInfo.kcShopInfoHandler(ShopInfo.java:123) ]
ERROR:
2019-07-09 14:25:40 下午[ Method: shop.ShopInfo.kcShopInfoHandler(ShopInfo.java:123) ]
ERROR:
2019-07-09 14:29:00 下午[ Method: shop.ShopInfo.kcShopInfoHandler(ShopInfo.java:123) ]
ERROR:
2019-07-09 14:32:20 下午[ Method: shop.ShopInfo.kcShopInfoHandler(ShopInfo.java:123) ]
ERROR:
2019-07-09 16:48:58 下午[ Method: app.DataGateWayApp.main(DataGateWayApp.java:32) ]
ERROR:------------------------start gateway app-----------------------------

2019-07-09 16:49:07 下午[ Method: shop.ShopInfo.kcShopInfoHandler(ShopInfo.java:123) ]
ERROR:
2019-07-09 16:52:44 下午[ Method: app.DataGateWayApp.main(DataGateWayApp.java:32) ]
ERROR:------------------------start gateway app-----------------------------

2019-07-09 16:52:53 下午[ Method: shop.ShopInfo.kcShopInfoHandler(ShopInfo.java:123) ]
ERROR:
2019-07-09 16:56:44 下午[ Method: shop.ShopInfo.kcShopInfoHandler(ShopInfo.java:123) ]
ERROR:
2019-07-09 16:57:08 下午[ Method: app.DataGateWayApp.main(DataGateWayApp.java:32) ]
ERROR:------------------------start gateway app-----------------------------

2019-07-09 16:57:17 下午[ Method: shop.ShopInfo.kcShopInfoHandler(ShopInfo.java:123) ]
ERROR:
2019-07-09 16:59:29 下午[ Method: app.DataGateWayApp.main(DataGateWayApp.java:32) ]
ERROR:------------------------start gateway app-----------------------------

2019-07-09 16:59:38 下午[ Method: shop.ShopInfo.kcShopInfoHandler(ShopInfo.java:123) ]
ERROR:
2019-07-09 17:01:39 下午[ Method: app.DataGateWayApp.main(DataGateWayApp.java:32) ]
ERROR:------------------------start gateway app-----------------------------

2019-07-09 17:01:48 下午[ Method: shop.ShopInfo.kcShopInfoHandler(ShopInfo.java:123) ]
ERROR:
2019-07-09 17:19:31 下午[ Method: app.DataGateWayApp.main(DataGateWayApp.java:32) ]
ERROR:------------------------start gateway app-----------------------------

2019-07-09 17:19:41 下午[ Method: shop.ShopInfo.kcShopInfoHandler(ShopInfo.java:123) ]
ERROR:
2019-07-09 17:23:32 下午[ Method: shop.ShopInfo.kcShopInfoHandler(ShopInfo.java:123) ]
ERROR:
2019-07-09 17:26:52 下午[ Method: shop.ShopInfo.kcShopInfoHandler(ShopInfo.java:123) ]
ERROR:
2019-07-09 17:30:12 下午[ Method: shop.ShopInfo.kcShopInfoHandler(ShopInfo.java:123) ]
ERROR:
2019-07-09 17:33:32 下午[ Method: shop.ShopInfo.kcShopInfoHandler(ShopInfo.java:123) ]
ERROR:
2019-07-09 17:36:52 下午[ Method: shop.ShopInfo.kcShopInfoHandler(ShopInfo.java:123) ]
ERROR:
2019-07-09 17:38:14 下午[ Method: ble.BleAdvDataHandler.sensorDataPrase(BleAdvDataHandler.java:131) ]
ERROR:ble apapter adv:601906010003
2019-07-09 17:38:38 下午[ Method: ble.BleAdvDataHandler.sensorDataPrase(BleAdvDataHandler.java:131) ]
ERROR:ble apapter adv:601906010002
2019-07-09 17:40:12 下午[ Method: shop.ShopInfo.kcShopInfoHandler(ShopInfo.java:123) ]
ERROR:
2019-07-09 17:43:32 下午[ Method: shop.ShopInfo.kcShopInfoHandler(ShopInfo.java:123) ]
ERROR:
2019-07-09 17:46:52 下午[ Method: shop.ShopInfo.kcShopInfoHandler(ShopInfo.java:123) ]
ERROR:
2019-07-09 17:50:12 下午[ Method: shop.ShopInfo.kcShopInfoHandler(ShopInfo.java:123) ]
ERROR:
2019-07-09 17:53:32 下午[ Method: shop.ShopInfo.kcShopInfoHandler(ShopInfo.java:123) ]
ERROR:
2019-07-09 17:56:52 下午[ Method: shop.ShopInfo.kcShopInfoHandler(ShopInfo.java:123) ]
ERROR:
2019-07-09 17:59:52 下午[ Method: ble.BleAdvDataHandler.sensorDataPrase(BleAdvDataHandler.java:131) ]
ERROR:ble apapter adv:601906010003
2019-07-09 18:00:12 下午[ Method: shop.ShopInfo.kcShopInfoHandler(ShopInfo.java:123) ]
ERROR:
2019-07-09 18:00:16 下午[ Method: ble.BleAdvDataHandler.sensorDataPrase(BleAdvDataHandler.java:131) ]
ERROR:ble apapter adv:601906010003
2019-07-09 18:01:48 下午[ Method: ble.BleAdvDataHandler.sensorDataPrase(BleAdvDataHandler.java:131) ]
ERROR:ble apapter adv:601906010002
2019-07-09 18:02:20 下午[ Method: ble.BleAdvDataHandler.sensorDataPrase(BleAdvDataHandler.java:131) ]
ERROR:ble apapter adv:601906010002
2019-07-09 18:02:46 下午[ Method: ble.BleAdvDataHandler.sensorDataPrase(BleAdvDataHandler.java:131) ]
ERROR:ble apapter adv:601906010004
2019-07-09 18:03:17 下午[ Method: ble.BleAdvDataHandler.sensorDataPrase(BleAdvDataHandler.java:131) ]
ERROR:ble apapter adv:601906010004
2019-07-09 18:03:32 下午[ Method: shop.ShopInfo.kcShopInfoHandler(ShopInfo.java:123) ]
ERROR:
2019-07-09 18:03:35 下午[ Method: ble.BleAdvDataHandler.sensorDataPrase(BleAdvDataHandler.java:131) ]
ERROR:ble apapter adv:601906010001
2019-07-09 18:03:59 下午[ Method: ble.BleAdvDataHandler.sensorDataPrase(BleAdvDataHandler.java:131) ]
ERROR:ble apapter adv:601906010001
2019-07-09 18:06:52 下午[ Method: shop.ShopInfo.kcShopInfoHandler(ShopInfo.java:123) ]
ERROR:
2019-07-09 18:10:12 下午[ Method: shop.ShopInfo.kcShopInfoHandler(ShopInfo.java:123) ]
ERROR:
2019-07-09 18:13:32 下午[ Method: shop.ShopInfo.kcShopInfoHandler(ShopInfo.java:123) ]
ERROR:
2019-07-09 18:16:52 下午[ Method: shop.ShopInfo.kcShopInfoHandler(ShopInfo.java:123) ]
ERROR:
2019-07-09 18:20:12 下午[ Method: shop.ShopInfo.kcShopInfoHandler(ShopInfo.java:123) ]
ERROR:
2019-07-09 18:23:32 下午[ Method: shop.ShopInfo.kcShopInfoHandler(ShopInfo.java:123) ]
ERROR:
2019-07-09 18:26:52 下午[ Method: shop.ShopInfo.kcShopInfoHandler(ShopInfo.java:123) ]
ERROR:
2019-07-09 18:30:12 下午[ Method: shop.ShopInfo.kcShopInfoHandler(ShopInfo.java:123) ]
ERROR:
2019-07-09 18:33:32 下午[ Method: shop.ShopInfo.kcShopInfoHandler(ShopInfo.java:123) ]
ERROR:
2019-07-09 18:36:52 下午[ Method: shop.ShopInfo.kcShopInfoHandler(ShopInfo.java:123) ]
ERROR:
2019-07-09 18:40:12 下午[ Method: shop.ShopInfo.kcShopInfoHandler(ShopInfo.java:123) ]
ERROR:
2019-07-09 18:43:32 下午[ Method: shop.ShopInfo.kcShopInfoHandler(ShopInfo.java:123) ]
ERROR:
2019-07-09 18:44:14 下午[ Method: ble.BleAdvDataHandler.sensorDataPrase(BleAdvDataHandler.java:131) ]
ERROR:ble apapter adv:60190601ff02
2019-07-09 18:44:30 下午[ Method: ble.BleAdvDataHandler.sensorDataPrase(BleAdvDataHandler.java:131) ]
ERROR:ble apapter adv:60190601ff02
2019-07-09 18:46:52 下午[ Method: shop.ShopInfo.kcShopInfoHandler(ShopInfo.java:123) ]
ERROR:
2019-07-09 18:50:12 下午[ Method: shop.ShopInfo.kcShopInfoHandler(ShopInfo.java:123) ]
ERROR:
2019-07-09 18:53:32 下午[ Method: shop.ShopInfo.kcShopInfoHandler(ShopInfo.java:123) ]
ERROR:
2019-07-09 18:56:36 下午[ Method: ble.BleAdvDataHandler.sensorDataPrase(BleAdvDataHandler.java:131) ]
ERROR:ble apapter adv:60190601ff01
2019-07-09 18:56:52 下午[ Method: shop.ShopInfo.kcShopInfoHandler(ShopInfo.java:123) ]
ERROR:
2019-07-09 18:57:11 下午[ Method: ble.BleAdvDataHandler.sensorDataPrase(BleAdvDataHandler.java:131) ]
ERROR:ble apapter adv:60190601ff01
2019-07-09 19:00:12 下午[ Method: shop.ShopInfo.kcShopInfoHandler(ShopInfo.java:123) ]
ERROR:
2019-07-09 19:03:32 下午[ Method: shop.ShopInfo.kcShopInfoHandler(ShopInfo.java:123) ]
ERROR:
2019-07-09 19:06:52 下午[ Method: shop.ShopInfo.kcShopInfoHandler(ShopInfo.java:123) ]
ERROR:
2019-07-09 19:10:12 下午[ Method: shop.ShopInfo.kcShopInfoHandler(ShopInfo.java:123) ]
ERROR:
2019-07-09 19:13:32 下午[ Method: shop.ShopInfo.kcShopInfoHandler(ShopInfo.java:123) ]
ERROR:
2019-07-09 19:16:52 下午[ Method: shop.ShopInfo.kcShopInfoHandler(ShopInfo.java:123) ]
ERROR:
2019-07-09 19:20:12 下午[ Method: shop.ShopInfo.kcShopInfoHandler(ShopInfo.java:123) ]
ERROR:
2019-07-09 19:23:32 下午[ Method: shop.ShopInfo.kcShopInfoHandler(ShopInfo.java:123) ]
ERROR:
2019-07-09 19:26:52 下午[ Method: shop.ShopInfo.kcShopInfoHandler(ShopInfo.java:123) ]
ERROR:
