2019-06-03 18:47:18 下午[ Method: app.DataGateWayApp.main(DataGateWayApp.java:31) ]
ERROR:------------------------start gateway app-----------------------------

2019-06-03 18:47:31 下午[ Method: shop.ShopInfo.shopInfoHandler(ShopInfo.java:56) ]
ERROR:
2019-06-03 18:48:18 下午[ Method: shop.ShopInfo.shopInfoHandler(ShopInfo.java:56) ]
ERROR:
2019-06-03 18:48:38 下午[ Method: shop.ShopInfo.shopInfoHandler(ShopInfo.java:56) ]
ERROR:
2019-06-03 18:48:58 下午[ Method: shop.ShopInfo.shopInfoHandler(ShopInfo.java:56) ]
ERROR:
2019-06-03 18:49:18 下午[ Method: shop.ShopInfo.shopInfoHandler(ShopInfo.java:56) ]
ERROR:
2019-06-03 18:49:38 下午[ Method: shop.ShopInfo.shopInfoHandler(ShopInfo.java:56) ]
ERROR:
2019-06-03 18:49:58 下午[ Method: shop.ShopInfo.shopInfoHandler(ShopInfo.java:56) ]
ERROR:
2019-06-03 18:50:18 下午[ Method: shop.ShopInfo.shopInfoHandler(ShopInfo.java:56) ]
ERROR:
2019-06-03 18:50:38 下午[ Method: shop.ShopInfo.shopInfoHandler(ShopInfo.java:56) ]
ERROR:
2019-06-03 18:50:58 下午[ Method: shop.ShopInfo.shopInfoHandler(ShopInfo.java:56) ]
ERROR:
2019-06-03 18:51:18 下午[ Method: shop.ShopInfo.shopInfoHandler(ShopInfo.java:56) ]
ERROR:
2019-06-03 18:51:38 下午[ Method: shop.ShopInfo.shopInfoHandler(ShopInfo.java:56) ]
ERROR:
2019-06-03 18:51:58 下午[ Method: shop.ShopInfo.shopInfoHandler(ShopInfo.java:56) ]
ERROR:
2019-06-03 18:52:18 下午[ Method: shop.ShopInfo.shopInfoHandler(ShopInfo.java:56) ]
ERROR:
2019-06-03 18:52:38 下午[ Method: shop.ShopInfo.shopInfoHandler(ShopInfo.java:56) ]
ERROR:
2019-06-03 18:53:03 下午[ Method: shop.ShopInfo.shopInfoHandler(ShopInfo.java:56) ]
ERROR:
2019-06-03 18:53:18 下午[ Method: shop.ShopInfo.shopInfoHandler(ShopInfo.java:56) ]
ERROR:
2019-06-03 18:53:38 下午[ Method: shop.ShopInfo.shopInfoHandler(ShopInfo.java:56) ]
ERROR:
2019-06-03 18:53:58 下午[ Method: shop.ShopInfo.shopInfoHandler(ShopInfo.java:56) ]
ERROR:
2019-06-03 18:54:18 下午[ Method: shop.ShopInfo.shopInfoHandler(ShopInfo.java:56) ]
ERROR:
2019-06-03 18:54:34 下午[ Method: app.DataGateWayApp.main(DataGateWayApp.java:31) ]
ERROR:------------------------start gateway app-----------------------------

2019-06-03 18:57:05 下午[ Method: app.DataGateWayApp.main(DataGateWayApp.java:31) ]
ERROR:------------------------start gateway app-----------------------------

2019-06-03 19:02:30 下午[ Method: app.DataGateWayApp.main(DataGateWayApp.java:31) ]
ERROR:------------------------start gateway app-----------------------------

2019-06-03 19:02:40 下午[ Method: ble.BleController.openSerialPort(BleController.java:213) ]
ERROR:can not find data collector!
2019-06-03 19:02:44 下午[ Method: app.DataGateWayApp.startApp(DataGateWayApp.java:142) ]
ERROR:can not get clientId,start error
2019-06-03 19:02:44 下午[ Method: mqtt.MqttHandler.mqttConnect(MqttHandler.java:58) ]
ERROR:start mqtt error for client is null
2019-06-03 19:02:44 下午[ Method: app.DataGateWayApp.startApp(DataGateWayApp.java:155) ]
ERROR:start mqtt error
2019-06-03 19:02:48 下午[ Method: app.DataGateWayApp.main(DataGateWayApp.java:31) ]
ERROR:------------------------start gateway app-----------------------------

2019-06-03 19:12:50 下午[ Method: app.DataGateWayApp.main(DataGateWayApp.java:31) ]
ERROR:------------------------start gateway app-----------------------------

2019-06-03 19:15:12 下午[ Method: app.DataGateWayApp.main(DataGateWayApp.java:31) ]
ERROR:------------------------start gateway app-----------------------------

2019-06-03 19:15:22 下午[ Method: ble.BleController.openSerialPort(BleController.java:213) ]
ERROR:can not find data collector!
2019-06-03 19:15:27 下午[ Method: app.DataGateWayApp.main(DataGateWayApp.java:31) ]
ERROR:------------------------start gateway app-----------------------------

2019-06-03 23:17:32 下午[ Method: mqtt.MqttHandler$1.connectionLost(MqttHandler.java:89) ]
ERROR:connectionLost
2019-06-03 23:17:46 下午[ Method: mqtt.MqttMsgSendHandlerThread.run(MqttMsgSendHandlerThread.java:44) ]
ERROR:mqtt send msg error
2019-06-03 23:17:47 下午[ Method: app.DataGateWayApp$1.run(DataGateWayApp.java:45) ]
ERROR:mqttHandler error
2019-06-03 23:18:04 下午[ Method: mqtt.MqttHandler$1.connectionLost(MqttHandler.java:89) ]
ERROR:connectionLost
2019-06-03 23:18:07 下午[ Method: app.DataGateWayApp$1.run(DataGateWayApp.java:45) ]
ERROR:mqttHandler error
